#
# A fatal error has been detected by the Java Runtime Environment:
#
#  EXCEPTION_ACCESS_VIOLATION (0xc0000005) at pc=0x000000006a8c9bc7, pid=5820, tid=6252
#
# JRE version: Java(TM) SE Runtime Environment (9.0+11) (build 9.0.1+11)
# Java VM: Java HotSpot(TM) 64-Bit Server VM (9.0.1+11, mixed mode, tiered, compressed oops, g1 gc, windows-amd64)
# Problematic frame:
# V  [jvm.dll+0x2a9bc7]
#
# No core dump will be written. Minidumps are not enabled by default on client versions of Windows
#
# If you would like to submit a bug report, please visit:
#   http://bugreport.java.com/bugreport/crash.jsp
#

---------------  S U M M A R Y ------------

Command Line: -ea -Xverify:none -javaagent:C:\Users\Packard Bell\.m2\repository/org/aspectj/aspectjweaver/1.7.3/aspectjweaver-1.7.3.jar -Didea.test.cyclic.buffer.size=1048576 -javaagent:C:\Program Files\JetBrains\IntelliJ IDEA Community Edition 2018.3.4\lib\idea_rt.jar=61928:C:\Program Files\JetBrains\IntelliJ IDEA Community Edition 2018.3.4\bin -Dfile.encoding=UTF-8 org.testng.RemoteTestNGStarter -usedefaultlisteners false -socket61927 @w@C:\Users\PACKAR~1\AppData\Local\Temp\idea_working_dirs_testng1.tmp -temp C:\Users\PACKAR~1\AppData\Local\Temp\idea_testng1.tmp

Host: Intel(R) Core(TM) i3 CPU       M 380  @ 2.53GHz, 4 cores, 2G,  Windows 7 , 64 bit Build 7600 (6.1.7600.16385)
Time: Mon Feb 18 16:58:41 2019 Iineianeia a?aiy (ceia) elapsed time: 44 seconds (0d 0h 0m 44s)

---------------  T H R E A D  ---------------

Current thread (0x00000000003bf000):  GCTaskThread "GC Thread#3" [stack: 0x000000000d1d0000,0x000000000d2d0000] [id=6252]

Stack: [0x000000000d1d0000,0x000000000d2d0000],  sp=0x000000000d2cd490,  free space=1013k
Native frames: (J=compiled Java code, j=interpreted, Vv=VM code, C=native code)

JavaThread 0x0000000000395800 (nid = 5248) was being processed
Java frames: (J=compiled Java code, j=interpreted, Vv=VM code)
v  ~RuntimeStub::fast_new_instance Runtime1 stub
J 4455 c1 java.util.Formatter.parse(Ljava/lang/String;)Ljava/util/List; java.base@9.0.1 (137 bytes) @ 0x00000000100edb40 [0x00000000100eb440+0x0000000000002700]
J 4456 c1 java.util.Formatter.format(Ljava/util/Locale;Ljava/lang/String;[Ljava/lang/Object;)Ljava/util/Formatter; java.base@9.0.1 (280 bytes) @ 0x00000000100ef2e4 [0x00000000100ef1e0+0x0000000000000104]
J 4395 c1 java.lang.String.format(Ljava/lang/String;[Ljava/lang/Object;)Ljava/lang/String; java.base@9.0.1 (16 bytes) @ 0x00000000100c84c4 [0x00000000100c7f00+0x00000000000005c4]
j  org.openqa.selenium.remote.RemoteWebDriver.execute(Ljava/lang/String;Ljava/util/Map;)Lorg/openqa/selenium/remote/Response;+47
j  org.openqa.selenium.remote.RemoteWebDriver.findElements(Ljava/lang/String;Ljava/lang/String;)Ljava/util/List;+26
j  org.openqa.selenium.remote.RemoteWebDriver.findElementsByCssSelector(Ljava/lang/String;)Ljava/util/List;+4
j  org.openqa.selenium.By$ByCssSelector.findElements(Lorg/openqa/selenium/SearchContext;)Ljava/util/List;+15
j  org.openqa.selenium.remote.RemoteWebDriver.findElements(Lorg/openqa/selenium/By;)Ljava/util/List;+2
j  com.codeborne.selenide.impl.WebElementSelector.findElements(Lorg/openqa/selenium/SearchContext;Lorg/openqa/selenium/By;)Ljava/util/List;+18
j  com.codeborne.selenide.impl.BySelectorCollection.getActualElements()Ljava/util/List;+26
j  com.codeborne.selenide.impl.SelenideElementIterator.hasNext()Z+4
j  java.util.Iterator.forEachRemaining(Ljava/util/function/Consumer;)V+6 java.base@9.0.1
j  java.util.Spliterators$IteratorSpliterator.forEachRemaining(Ljava/util/function/Consumer;)V+52 java.base@9.0.1
J 3690 c1 java.util.stream.AbstractPipeline.copyInto(Ljava/util/stream/Sink;Ljava/util/Spliterator;)V java.base@9.0.1 (54 bytes) @ 0x000000000ff36df4 [0x000000000ff36940+0x00000000000004b4]
J 3688 c1 java.util.stream.AbstractPipeline.wrapAndCopyInto(Ljava/util/stream/Sink;Ljava/util/Spliterator;)Ljava/util/stream/Sink; java.base@9.0.1 (18 bytes) @ 0x000000000ff36394 [0x000000000ff36180+0x0000000000000214]
J 3855 c1 java.util.stream.ForEachOps$ForEachOp$OfRef.evaluateSequential(Ljava/util/stream/PipelineHelper;Ljava/util/Spliterator;)Ljava/lang/Object; java.base@9.0.1 (7 bytes) @ 0x000000000ff81724 [0x000000000ff815e0+0x0000000000000144]
J 3831 c1 java.util.stream.AbstractPipeline.evaluate(Ljava/util/stream/TerminalOp;)Ljava/lang/Object; java.base@9.0.1 (94 bytes) @ 0x000000000ff74a7c [0x000000000ff745c0+0x00000000000004bc]
j  java.util.stream.ReferencePipeline.forEach(Ljava/util/function/Consumer;)V+6 java.base@9.0.1
j  hw4.pages.differentElementPage.DifferentElementsPage.selectDropdown(ZLjava/lang/String;)V+53
j  hw4.ServicePageInterfaceTest.jdiTest()V+171
v  ~StubRoutines::call_stub
j  jdk.internal.reflect.NativeMethodAccessorImpl.invoke0(Ljava/lang/reflect/Method;Ljava/lang/Object;[Ljava/lang/Object;)Ljava/lang/Object;+0 java.base@9.0.1
j  jdk.internal.reflect.NativeMethodAccessorImpl.invoke(Ljava/lang/Object;[Ljava/lang/Object;)Ljava/lang/Object;+100 java.base@9.0.1
j  jdk.internal.reflect.DelegatingMethodAccessorImpl.invoke(Ljava/lang/Object;[Ljava/lang/Object;)Ljava/lang/Object;+6 java.base@9.0.1
j  java.lang.reflect.Method.invoke(Ljava/lang/Object;[Ljava/lang/Object;)Ljava/lang/Object;+59 java.base@9.0.1
j  org.testng.internal.MethodInvocationHelper.invokeMethod(Ljava/lang/reflect/Method;Ljava/lang/Object;[Ljava/lang/Object;)Ljava/lang/Object;+255
j  org.testng.internal.Invoker.invokeMethod(Ljava/lang/Object;Lorg/testng/ITestNGMethod;[Ljava/lang/Object;ILorg/testng/xml/XmlSuite;Ljava/util/Map;Lorg/testng/ITestClass;[Lorg/testng/ITestNGMethod;[Lorg/testng/ITestNGMethod;Lorg/testng/internal/ConfigurationGroupMethods;Lorg/testng/internal/Invoker$FailureContext;)Lorg/testng/ITestResult;+577
j  org.testng.internal.Invoker.invokeTestMethod(Ljava/lang/Object;Lorg/testng/ITestNGMethod;[Ljava/lang/Object;ILorg/testng/xml/XmlSuite;Ljava/util/Map;Lorg/testng/ITestClass;[Lorg/testng/ITestNGMethod;[Lorg/testng/ITestNGMethod;Lorg/testng/internal/ConfigurationGroupMethods;Lorg/testng/internal/Invoker$FailureContext;)Lorg/testng/ITestResult;+29
j  org.testng.internal.Invoker.invokeTestMethods(Lorg/testng/ITestNGMethod;Lorg/testng/xml/XmlSuite;Ljava/util/Map;Lorg/testng/internal/ConfigurationGroupMethods;Ljava/lang/Object;Lorg/testng/ITestContext;)Ljava/util/List;+729
j  org.testng.internal.TestMethodWorker.invokeTestMethods(Lorg/testng/ITestNGMethod;Ljava/lang/Object;Lorg/testng/ITestContext;)V+19
j  org.testng.internal.TestMethodWorker.run()V+63
j  org.testng.TestRunner.privateRun(Lorg/testng/xml/XmlTest;)V+300
j  org.testng.TestRunner.run()V+25
j  org.testng.SuiteRunner.runTest(Lorg/testng/TestRunner;)V+1
j  org.testng.SuiteRunner.runSequentially()V+31
j  org.testng.SuiteRunner.privateRun()V+288
j  org.testng.SuiteRunner.run()V+6
j  org.testng.SuiteRunnerWorker.runSuite(Lorg/testng/internal/SuiteRunnerMap;Lorg/testng/xml/XmlSuite;)V+87
j  org.testng.SuiteRunnerWorker.run()V+12
j  org.testng.TestNG.runSuitesSequentially(Lorg/testng/xml/XmlSuite;Lorg/testng/internal/SuiteRunnerMap;ILjava/lang/String;)V+66
j  org.testng.TestNG.runSuitesLocally()Ljava/util/List;+156
j  org.testng.TestNG.runSuites()Ljava/util/List;+1
j  org.testng.TestNG.run()V+25
j  org.testng.IDEARemoteTestNG.run()V+270
j  org.testng.RemoteTestNGStarter.main([Ljava/lang/String;)V+533
v  ~StubRoutines::call_stub

siginfo: EXCEPTION_ACCESS_VIOLATION (0xc0000005), reading address 0x0000000000000050


Register to memory mapping:

RIP=0x000000006a8c9bc7 jvm.dll
RAX=0x00000000003adc08 is an unknown value
RBX=0x00000000003bf000 is an unknown value
RCX=0x0000000000000003 is an unknown value
RDX=0x0000000000000000 is an unknown value
RSP=0x000000000d2cd490 is an unknown value
RBP=0x0000000000000000 is an unknown value
RSI=0x0000000000000001 is an unknown value
RDI=0x0000000000000003 is an unknown value
R8 =0x0000000000000000 is an unknown value
R9 =0x0000000000000010 is an unknown value
R10=0x000000000000000c is an unknown value
R11=0x000000000d2cd598 is an unknown value
R12=0x0000000000388570 is an unknown value
R13=0x0000000000000008 is an unknown value
R14=0x0000000000000000 is an unknown value
R15=0x0000000000000000 is an unknown value


Registers:
RAX=0x00000000003adc08, RBX=0x00000000003bf000, RCX=0x0000000000000003, RDX=0x0000000000000000
RSP=0x000000000d2cd490, RBP=0x0000000000000000, RSI=0x0000000000000001, RDI=0x0000000000000003
R8 =0x0000000000000000, R9 =0x0000000000000010, R10=0x000000000000000c, R11=0x000000000d2cd598
R12=0x0000000000388570, R13=0x0000000000000008, R14=0x0000000000000000, R15=0x0000000000000000
RIP=0x000000006a8c9bc7, EFLAGS=0x0000000000010206

Top of Stack: (sp=0x000000000d2cd490)
0x000000000d2cd490:   0000000000000000 000000000d2cd760
0x000000000d2cd4a0:   00000000003b88c0 0000000000000000
0x000000000d2cd4b0:   0000000000000003 000000006a8cf511
0x000000000d2cd4c0:   00000000003bf000 00000000003a4c20
0x000000000d2cd4d0:   0000000000000001 00000000003b88b0
0x000000000d2cd4e0:   0000000000000001 0000000000309f90
0x000000000d2cd4f0:   0000000000309f90 000000006a8c45d5
0x000000000d2cd500:   0000000000000000 000000006ac2020c
0x000000000d2cd510:   0000000000000000 0000000000300158
0x000000000d2cd520:   000000006adb3278 000000006a7f2ef2
0x000000000d2cd530:   00000000003a4c20 00000000003bf058
0x000000000d2cd540:   000000000d2cd5a0 0000000000300158
0x000000000d2cd550:   0000000000000003 000000006a7f2c8b
0x000000000d2cd560:   0000000000000001 00000000000003d8
0x000000000d2cd570:   000000000d2cdde0 0000000000000003
0x000000000d2cd580:   000000000d2cd690 0000000000000003 

Instructions: (pc=0x000000006a8c9bc7)
0x000000006a8c9ba7:   6c 24 10 48 89 74 24 18 57 48 83 ec 20 48 8b 01
0x000000006a8c9bb7:   48 8b fa 41 0f b6 d0 ff 10 48 8b cf 48 8b 68 08
0x000000006a8c9bc7:   48 8b 5d 50 48 8b 45 10 48 2b c3 48 c1 e8 03 48
0x000000006a8c9bd7:   3b c7 48 0f 42 c8 48 3b cf 72 34 48 8d 0c cb 48 



---------------  P R O C E S S  ---------------

Java Threads: ( => current thread )
  0x0000000064767000 JavaThread "Webdrivers killer thread" daemon [_thread_blocked, id=8088, stack(0x000000006b0d0000,0x000000006b1d0000)]
  0x0000000064768000 JavaThread "AWT-Windows" daemon [_thread_in_native, id=7452, stack(0x000000006b270000,0x000000006b370000)]
  0x0000000064766800 JavaThread "Java2D Disposer" daemon [_thread_blocked, id=2320, stack(0x0000000069060000,0x0000000069160000)]
  0x0000000064765800 JavaThread "ForkJoinPool.commonPool-worker-3" daemon [_thread_blocked, id=3368, stack(0x0000000064c80000,0x0000000064d80000)]
  0x00000000674a7000 JavaThread "ForkJoinPool.commonPool-worker-2" daemon [_thread_blocked, id=3312, stack(0x0000000065880000,0x0000000065980000)]
  0x0000000063bc9000 JavaThread "ForkJoinPool.commonPool-worker-1" daemon [_thread_blocked, id=7816, stack(0x0000000068940000,0x0000000068a40000)]
  0x0000000066830000 JavaThread "Exec Stream Pumper" daemon [_thread_in_native, id=3168, stack(0x0000000065280000,0x0000000065380000)]
  0x000000006717e000 JavaThread "Exec Stream Pumper" daemon [_thread_in_native, id=6308, stack(0x0000000068530000,0x0000000068630000)]
  0x0000000064300800 JavaThread "UrlChecker-2" daemon [_thread_blocked, id=5472, stack(0x0000000068a70000,0x0000000068b70000)]
  0x0000000065e68800 JavaThread "Exec Default Executor" daemon [_thread_in_native, id=3184, stack(0x0000000068840000,0x0000000068940000)]
  0x00000000639b6000 JavaThread "Service Thread" daemon [_thread_blocked, id=1540, stack(0x0000000064f70000,0x0000000065070000)]
  0x00000000634d1800 JavaThread "Monitor Ctrl-Break" daemon [_thread_in_native, id=8144, stack(0x0000000064d80000,0x0000000064e80000)]
  0x0000000061ba4800 JavaThread "Common-Cleaner" daemon [_thread_blocked, id=4744, stack(0x0000000062960000,0x0000000062a60000)]
  0x0000000061b58800 JavaThread "Sweeper thread" daemon [_thread_blocked, id=2012, stack(0x0000000062790000,0x0000000062890000)]
  0x0000000061b36800 JavaThread "C1 CompilerThread2" daemon [_thread_blocked, id=7896, stack(0x00000000625a0000,0x00000000626a0000)]
  0x0000000061b1d800 JavaThread "C2 CompilerThread1" daemon [_thread_blocked, id=3552, stack(0x0000000062470000,0x0000000062570000)]
  0x0000000061b18800 JavaThread "C2 CompilerThread0" daemon [_thread_blocked, id=2400, stack(0x00000000622e0000,0x00000000623e0000)]
  0x0000000061b15800 JavaThread "Attach Listener" daemon [_thread_blocked, id=4360, stack(0x0000000062180000,0x0000000062280000)]
  0x0000000061b15000 JavaThread "Signal Dispatcher" daemon [_thread_blocked, id=3152, stack(0x0000000062010000,0x0000000062110000)]
  0x0000000061b0d000 JavaThread "Finalizer" daemon [_thread_blocked, id=6568, stack(0x0000000061f10000,0x0000000062010000)]
  0x0000000061b03800 JavaThread "Reference Handler" daemon [_thread_blocked, id=5932, stack(0x0000000061ca0000,0x0000000061da0000)]
  0x0000000000395800 JavaThread "main" [_thread_blocked, id=5248, stack(0x0000000002620000,0x0000000002720000)]

Other Threads:
  0x0000000061b01800 VMThread "VM Thread" [stack: 0x0000000061de0000,0x0000000061ee0000] [id=3760]
  0x00000000634b7000 WatcherThread [stack: 0x0000000062a70000,0x0000000062b70000] [id=6792]
  0x00000000003ad000 GCTaskThread "GC Thread#0" [stack: 0x000000000ceb0000,0x000000000cfb0000] [id=2264]
  0x00000000003af800 GCTaskThread "GC Thread#1" [stack: 0x000000000cd70000,0x000000000ce70000] [id=2872]
  0x00000000003b2800 GCTaskThread "GC Thread#2" [stack: 0x000000000cfb0000,0x000000000d0b0000] [id=1956]
=>0x00000000003bf000 GCTaskThread "GC Thread#3" [stack: 0x000000000d1d0000,0x000000000d2d0000] [id=6252]
  0x00000000003ea800 ConcurrentGCThread "G1 Main Marker" [stack: 0x000000001eb40000,0x000000001ec40000] [id=4172]
  0x00000000003bf800 ConcurrentGCThread "G1 Marker#0" [stack: 0x000000001ecf0000,0x000000001edf0000] [id=5912]
  0x00000000003d4800 ConcurrentGCThread "G1 Refine#0" [stack: 0x000000000d840000,0x000000000d940000] [id=5280]
  0x00000000003d1800 ConcurrentGCThread "G1 Refine#1" [stack: 0x000000000db10000,0x000000000dc10000] [id=7924]
  0x00000000003d0800 ConcurrentGCThread "G1 Refine#2" [stack: 0x000000000d940000,0x000000000da40000] [id=7252]
  0x00000000003cf000 ConcurrentGCThread "G1 Refine#3" [stack: 0x000000000d6c0000,0x000000000d7c0000] [id=668]
  0x00000000003d6000 ConcurrentGCThread "G1 Young RemSet Sampling" [stack: 0x000000000dcc0000,0x000000000ddc0000] [id=3756]

Threads with active compile tasks:

VM state:at safepoint (normal execution)

VM Mutex/Monitor currently owned by a thread:  ([mutex/lock_event])
[0x00000000003929d0] Threads_lock - owner thread: 0x0000000061b01800
[0x0000000000392f70] Heap_lock - owner thread: 0x0000000000395800

Heap address: 0x00000000d4200000, size: 702 MB, Compressed Oops mode: 32-bit
Narrow klass base: 0x0000000000000000, Narrow klass shift: 0
Compressed class space size: 1073741824 Address: 0x0000000021230000

Heap:
 garbage-first heap   total 65536K, used 52217K [0x00000000d4200000, 0x00000000d4300200, 0x0000000100000000)
  region size 1024K, 18 young (18432K), 2 survivors (2048K)
 Metaspace       used 34078K, capacity 35250K, committed 35328K, reserved 1081344K
  class space    used 3537K, capacity 3813K, committed 3840K, reserved 1048576K
Heap Regions: E=young(eden), S=young(survivor), O=old, HS=humongous(starts), HC=humongous(continues), CS=collection set, F=free, A=archive, TS=gc time stamp, AC=allocation context, TAMS=top-at-mark-start (previous, next)
|   0|0x00000000d4200000, 0x00000000d4300000, 0x00000000d4300000|100%| O|  |TS  0|AC  0|TAMS 0x00000000d4300000, 0x00000000d4300000|
|   1|0x00000000d4300000, 0x00000000d4400000, 0x00000000d4400000|100%| O|  |TS  0|AC  0|TAMS 0x00000000d4400000, 0x00000000d4400000|
|   2|0x00000000d4400000, 0x00000000d4500000, 0x00000000d4500000|100%| O|  |TS  0|AC  0|TAMS 0x00000000d4500000, 0x00000000d4500000|
|   3|0x00000000d4500000, 0x00000000d4600000, 0x00000000d4600000|100%| O|  |TS  0|AC  0|TAMS 0x00000000d4600000, 0x00000000d4600000|
|   4|0x00000000d4600000, 0x00000000d4700000, 0x00000000d4700000|100%| O|  |TS  0|AC  0|TAMS 0x00000000d4700000, 0x00000000d4700000|
|   5|0x00000000d4700000, 0x00000000d4800000, 0x00000000d4800000|100%| O|  |TS  0|AC  0|TAMS 0x00000000d4800000, 0x00000000d4800000|
|   6|0x00000000d4800000, 0x00000000d4900000, 0x00000000d4900000|100%| O|  |TS  0|AC  0|TAMS 0x00000000d4900000, 0x00000000d4900000|
|   7|0x00000000d4900000, 0x00000000d4a00000, 0x00000000d4a00000|100%| O|  |TS  0|AC  0|TAMS 0x00000000d4a00000, 0x00000000d4a00000|
|   8|0x00000000d4a00000, 0x00000000d4b00000, 0x00000000d4b00000|100%| O|  |TS  0|AC  0|TAMS 0x00000000d4b00000, 0x00000000d4b00000|
|   9|0x00000000d4b00000, 0x00000000d4c00000, 0x00000000d4c00000|100%| O|  |TS  0|AC  0|TAMS 0x00000000d4c00000, 0x00000000d4c00000|
|  10|0x00000000d4c00000, 0x00000000d4d00000, 0x00000000d4d00000|100%| O|  |TS  0|AC  0|TAMS 0x00000000d4d00000, 0x00000000d4d00000|
|  11|0x00000000d4d00000, 0x00000000d4e00000, 0x00000000d4e00000|100%| O|  |TS  0|AC  0|TAMS 0x00000000d4e00000, 0x00000000d4e00000|
|  12|0x00000000d4e00000, 0x00000000d4f00000, 0x00000000d4f00000|100%| O|  |TS  0|AC  0|TAMS 0x00000000d4f00000, 0x00000000d4f00000|
|  13|0x00000000d4f00000, 0x00000000d5000000, 0x00000000d5000000|100%| O|  |TS  0|AC  0|TAMS 0x00000000d5000000, 0x00000000d5000000|
|  14|0x00000000d5000000, 0x00000000d5100000, 0x00000000d5100000|100%| O|  |TS  0|AC  0|TAMS 0x00000000d5100000, 0x00000000d5100000|
|  15|0x00000000d5100000, 0x00000000d5200000, 0x00000000d5200000|100%| O|  |TS  0|AC  0|TAMS 0x00000000d5200000, 0x00000000d5200000|
|  16|0x00000000d5200000, 0x00000000d5300000, 0x00000000d5300000|100%| O|  |TS  0|AC  0|TAMS 0x00000000d5300000, 0x00000000d5300000|
|  17|0x00000000d5300000, 0x00000000d5400000, 0x00000000d5400000|100%| O|  |TS  0|AC  0|TAMS 0x00000000d5400000, 0x00000000d5400000|
|  18|0x00000000d5400000, 0x00000000d5500000, 0x00000000d5500000|100%| O|  |TS  0|AC  0|TAMS 0x00000000d5500000, 0x00000000d5500000|
|  19|0x00000000d5500000, 0x00000000d5600000, 0x00000000d5600000|100%| O|  |TS  0|AC  0|TAMS 0x00000000d5600000, 0x00000000d5600000|
|  20|0x00000000d5600000, 0x00000000d5700000, 0x00000000d5700000|100%| O|  |TS  0|AC  0|TAMS 0x00000000d5700000, 0x00000000d5700000|
|  21|0x00000000d5700000, 0x00000000d5800000, 0x00000000d5800000|100%| O|  |TS  0|AC  0|TAMS 0x00000000d5800000, 0x00000000d5800000|
|  22|0x00000000d5800000, 0x00000000d5900000, 0x00000000d5900000|100%| O|  |TS  0|AC  0|TAMS 0x00000000d5900000, 0x00000000d5900000|
|  23|0x00000000d5900000, 0x00000000d5a00000, 0x00000000d5a00000|100%| O|  |TS  0|AC  0|TAMS 0x00000000d5a00000, 0x00000000d5a00000|
|  24|0x00000000d5a00000, 0x00000000d5b00000, 0x00000000d5b00000|100%| O|  |TS  0|AC  0|TAMS 0x00000000d5b00000, 0x00000000d5b00000|
|  25|0x00000000d5b00000, 0x00000000d5c00000, 0x00000000d5c00000|100%| O|  |TS  0|AC  0|TAMS 0x00000000d5c00000, 0x00000000d5c00000|
|  26|0x00000000d5c00000, 0x00000000d5d00000, 0x00000000d5d00000|100%| O|  |TS  0|AC  0|TAMS 0x00000000d5d00000, 0x00000000d5d00000|
|  27|0x00000000d5d00000, 0x00000000d5e00000, 0x00000000d5e00000|100%| O|  |TS  0|AC  0|TAMS 0x00000000d5e00000, 0x00000000d5e00000|
|  28|0x00000000d5e00000, 0x00000000d5f00000, 0x00000000d5f00000|100%| O|  |TS  0|AC  0|TAMS 0x00000000d5f00000, 0x00000000d5f00000|
|  29|0x00000000d5f00000, 0x00000000d6000000, 0x00000000d6000000|100%| O|  |TS  0|AC  0|TAMS 0x00000000d6000000, 0x00000000d6000000|
|  30|0x00000000d6000000, 0x00000000d6100000, 0x00000000d6100000|100%| O|  |TS  0|AC  0|TAMS 0x00000000d6100000, 0x00000000d6100000|
|  31|0x00000000d6100000, 0x00000000d6200000, 0x00000000d6200000|100%| O|  |TS  0|AC  0|TAMS 0x00000000d6200000, 0x00000000d6200000|
|  32|0x00000000d6200000, 0x00000000d6300000, 0x00000000d6300000|100%| O|  |TS  0|AC  0|TAMS 0x00000000d6300000, 0x00000000d6300000|
|  33|0x00000000d6300000, 0x00000000d635f800, 0x00000000d6400000| 37%| O|  |TS  1|AC  0|TAMS 0x00000000d635f800, 0x00000000d635f800|
|  34|0x00000000d6400000, 0x00000000d6400000, 0x00000000d6500000|  0%| F|  |TS  0|AC  0|TAMS 0x00000000d6400000, 0x00000000d6400000|
|  35|0x00000000d6500000, 0x00000000d6500000, 0x00000000d6600000|  0%| F|  |TS  0|AC  0|TAMS 0x00000000d6500000, 0x00000000d6500000|
|  36|0x00000000d6600000, 0x00000000d6600000, 0x00000000d6700000|  0%| F|  |TS  0|AC  0|TAMS 0x00000000d6600000, 0x00000000d6600000|
|  37|0x00000000d6700000, 0x00000000d6700000, 0x00000000d6800000|  0%| F|  |TS  0|AC  0|TAMS 0x00000000d6700000, 0x00000000d6700000|
|  38|0x00000000d6800000, 0x00000000d6800000, 0x00000000d6900000|  0%| F|  |TS  0|AC  0|TAMS 0x00000000d6800000, 0x00000000d6800000|
|  39|0x00000000d6900000, 0x00000000d6900000, 0x00000000d6a00000|  0%| F|  |TS  0|AC  0|TAMS 0x00000000d6900000, 0x00000000d6900000|
|  40|0x00000000d6a00000, 0x00000000d6a00000, 0x00000000d6b00000|  0%| F|  |TS  0|AC  0|TAMS 0x00000000d6a00000, 0x00000000d6a00000|
|  41|0x00000000d6b00000, 0x00000000d6b00000, 0x00000000d6c00000|  0%| F|  |TS  0|AC  0|TAMS 0x00000000d6b00000, 0x00000000d6b00000|
|  42|0x00000000d6c00000, 0x00000000d6c00000, 0x00000000d6d00000|  0%| F|  |TS  0|AC  0|TAMS 0x00000000d6c00000, 0x00000000d6c00000|
|  43|0x00000000d6d00000, 0x00000000d6d00000, 0x00000000d6e00000|  0%| F|  |TS  0|AC  0|TAMS 0x00000000d6d00000, 0x00000000d6d00000|
|  44|0x00000000d6e00000, 0x00000000d6e61648, 0x00000000d6f00000| 38%| S|  |TS  1|AC  0|TAMS 0x00000000d6e00000, 0x00000000d6e00000|
|  45|0x00000000d6f00000, 0x00000000d6f9ef60, 0x00000000d7000000| 62%| E|CS|TS  0|AC  0|TAMS 0x00000000d6f00000, 0x00000000d6f00000|
|  46|0x00000000d7000000, 0x00000000d7100000, 0x00000000d7100000|100%| S|  |TS  1|AC  0|TAMS 0x00000000d7000000, 0x00000000d7000000|
|  47|0x00000000d7100000, 0x00000000d7200000, 0x00000000d7200000|100%| E|CS|TS  0|AC  0|TAMS 0x00000000d7100000, 0x00000000d7100000|
|  48|0x00000000d7200000, 0x00000000d7300000, 0x00000000d7300000|100%| E|CS|TS  0|AC  0|TAMS 0x00000000d7200000, 0x00000000d7200000|
|  49|0x00000000d7300000, 0x00000000d7400000, 0x00000000d7400000|100%| E|CS|TS  0|AC  0|TAMS 0x00000000d7300000, 0x00000000d7300000|
|  50|0x00000000d7400000, 0x00000000d7500000, 0x00000000d7500000|100%| E|CS|TS  0|AC  0|TAMS 0x00000000d7400000, 0x00000000d7400000|
|  51|0x00000000d7500000, 0x00000000d7600000, 0x00000000d7600000|100%| E|CS|TS  0|AC  0|TAMS 0x00000000d7500000, 0x00000000d7500000|
|  52|0x00000000d7600000, 0x00000000d7700000, 0x00000000d7700000|100%| E|CS|TS  0|AC  0|TAMS 0x00000000d7600000, 0x00000000d7600000|
|  53|0x00000000d7700000, 0x00000000d7800000, 0x00000000d7800000|100%| E|CS|TS  0|AC  0|TAMS 0x00000000d7700000, 0x00000000d7700000|
|  54|0x00000000d7800000, 0x00000000d7900000, 0x00000000d7900000|100%| E|CS|TS  0|AC  0|TAMS 0x00000000d7800000, 0x00000000d7800000|
|  55|0x00000000d7900000, 0x00000000d7a00000, 0x00000000d7a00000|100%| E|CS|TS  0|AC  0|TAMS 0x00000000d7900000, 0x00000000d7900000|
|  56|0x00000000d7a00000, 0x00000000d7b00000, 0x00000000d7b00000|100%| E|CS|TS  0|AC  0|TAMS 0x00000000d7a00000, 0x00000000d7a00000|
|  57|0x00000000d7b00000, 0x00000000d7c00000, 0x00000000d7c00000|100%| E|CS|TS  0|AC  0|TAMS 0x00000000d7b00000, 0x00000000d7b00000|
|  58|0x00000000d7c00000, 0x00000000d7d00000, 0x00000000d7d00000|100%| E|CS|TS  0|AC  0|TAMS 0x00000000d7c00000, 0x00000000d7c00000|
|  59|0x00000000d7d00000, 0x00000000d7e00000, 0x00000000d7e00000|100%| E|CS|TS  0|AC  0|TAMS 0x00000000d7d00000, 0x00000000d7d00000|
|  60|0x00000000d7e00000, 0x00000000d7f00000, 0x00000000d7f00000|100%| E|CS|TS  0|AC  0|TAMS 0x00000000d7e00000, 0x00000000d7e00000|
|  61|0x00000000d7f00000, 0x00000000d8000000, 0x00000000d8000000|100%| E|CS|TS  0|AC  0|TAMS 0x00000000d7f00000, 0x00000000d7f00000|
|  62|0x00000000d8000000, 0x00000000d8100000, 0x00000000d8100000|100%| E|CS|TS  0|AC  0|TAMS 0x00000000d8000000, 0x00000000d8000000|
|  63|0x00000000d8100000, 0x00000000d8200000, 0x00000000d8200000|100%| E|CS|TS  0|AC  0|TAMS 0x00000000d8100000, 0x00000000d8100000|

Card table byte_map: [0x000000000e080000,0x000000000e1e0000] byte_map_base: 0x000000000d9df000

Marking Bits (Prev, Next): (CMBitMap*) 0x00000000003e9c50, (CMBitMap*) 0x00000000003e9c88
 Prev Bits: [0x000000000e340000, 0x000000000ee38000)
 Next Bits: [0x000000001e010000, 0x000000001eb08000)

Polling page: 0x0000000000210000

CodeHeap 'non-profiled nmethods': size=120064Kb used=3197Kb max_used=3197Kb free=116866Kb
 bounds [0x0000000016ad0000, 0x0000000016df0000, 0x000000001e010000]
CodeHeap 'profiled nmethods': size=120000Kb used=12267Kb max_used=12267Kb free=107732Kb
 bounds [0x000000000f5a0000, 0x00000000101a0000, 0x0000000016ad0000]
CodeHeap 'non-nmethods': size=5696Kb used=1338Kb max_used=1374Kb free=4357Kb
 bounds [0x000000000f010000, 0x000000000f280000, 0x000000000f5a0000]
 total_blobs=6478 nmethods=4692 adapters=489
 compilation: enabled

Compilation events (10 events):
Event: 44.159 Thread 0x0000000061b36800 4722       3       java.util.stream.FindOps$FindSink$OfRef::<init> (5 bytes)
Event: 44.159 Thread 0x0000000061b36800 nmethod 4722 0x0000000010198c90 code [0x0000000010198e40, 0x0000000010199050]
Event: 44.159 Thread 0x0000000061b36800 4723       3       java.util.stream.FindOps$FindSink::<init> (5 bytes)
Event: 44.159 Thread 0x0000000061b36800 nmethod 4723 0x0000000010199110 code [0x00000000101992c0, 0x0000000010199470]
Event: 44.159 Thread 0x0000000061b36800 4724       3       java.util.stream.ReferencePipeline::forEachWithCancel (23 bytes)
Event: 44.159 Thread 0x0000000061b36800 nmethod 4724 0x0000000010199510 code [0x00000000101996e0, 0x0000000010199a98]
Event: 44.159 Thread 0x0000000061b36800 4725       3       java.util.stream.FindOps$FindSink$OfRef::get (5 bytes)
Event: 44.160 Thread 0x0000000061b36800 nmethod 4725 0x0000000010199c10 code [0x0000000010199e00, 0x000000001019a3a8]
Event: 44.160 Thread 0x0000000061b36800 4726       3       java.util.stream.FindOps$FindSink$OfRef::get (19 bytes)
Event: 44.160 Thread 0x0000000061b36800 nmethod 4726 0x000000001019a590 code [0x000000001019a780, 0x000000001019ac68]

GC Heap History (10 events):
Event: 20.218 GC heap after
{Heap after GC invocations=17 (full 0):
 garbage-first heap   total 65536K, used 30300K [0x00000000d4200000, 0x00000000d4300200, 0x0000000100000000)
  region size 1024K, 3 young (3072K), 3 survivors (3072K)
 Metaspace       used 27783K, capacity 28530K, committed 28672K, reserved 1075200K
  class space    used 2806K, capacity 2987K, committed 3072K, reserved 1048576K
}
Event: 21.747 GC heap before
{Heap before GC invocations=17 (full 0):
 garbage-first heap   total 65536K, used 49756K [0x00000000d4200000, 0x00000000d4300200, 0x0000000100000000)
  region size 1024K, 22 young (22528K), 3 survivors (3072K)
 Metaspace       used 28961K, capacity 29736K, committed 29824K, reserved 1075200K
  class space    used 2953K, capacity 3132K, committed 3200K, reserved 1048576K
}
Event: 21.762 GC heap after
{Heap after GC invocations=18 (full 0):
 garbage-first heap   total 65536K, used 31758K [0x00000000d4200000, 0x00000000d4300200, 0x0000000100000000)
  region size 1024K, 3 young (3072K), 3 survivors (3072K)
 Metaspace       used 28961K, capacity 29736K, committed 29824K, reserved 1075200K
  class space    used 2953K, capacity 3132K, committed 3200K, reserved 1048576K
}
Event: 22.248 GC heap before
{Heap before GC invocations=18 (full 0):
 garbage-first heap   total 65536K, used 50190K [0x00000000d4200000, 0x00000000d4300200, 0x0000000100000000)
  region size 1024K, 21 young (21504K), 3 survivors (3072K)
 Metaspace       used 29975K, capacity 30796K, committed 30976K, reserved 1077248K
  class space    used 3104K, capacity 3324K, committed 3328K, reserved 1048576K
}
Event: 22.257 GC heap after
{Heap after GC invocations=19 (full 0):
 garbage-first heap   total 65536K, used 33712K [0x00000000d4200000, 0x00000000d4300200, 0x0000000100000000)
  region size 1024K, 3 young (3072K), 3 survivors (3072K)
 Metaspace       used 29975K, capacity 30796K, committed 30976K, reserved 1077248K
  class space    used 3104K, capacity 3324K, committed 3328K, reserved 1048576K
}
Event: 32.288 GC heap before
{Heap before GC invocations=20 (full 0):
 garbage-first heap   total 65536K, used 51120K [0x00000000d4200000, 0x00000000d4300200, 0x0000000100000000)
  region size 1024K, 20 young (20480K), 3 survivors (3072K)
 Metaspace       used 31224K, capacity 32242K, committed 32512K, reserved 1079296K
  class space    used 3261K, capacity 3517K, committed 3584K, reserved 1048576K
}
Event: 32.297 GC heap after
{Heap after GC invocations=21 (full 0):
 garbage-first heap   total 65536K, used 34811K [0x00000000d4200000, 0x00000000d4300200, 0x0000000100000000)
  region size 1024K, 3 young (3072K), 3 survivors (3072K)
 Metaspace       used 31224K, capacity 32242K, committed 32512K, reserved 1079296K
  class space    used 3261K, capacity 3517K, committed 3584K, reserved 1048576K
}
Event: 37.207 GC heap before
{Heap before GC invocations=21 (full 0):
 garbage-first heap   total 65536K, used 51195K [0x00000000d4200000, 0x00000000d4300200, 0x0000000100000000)
  region size 1024K, 19 young (19456K), 3 survivors (3072K)
 Metaspace       used 33389K, capacity 34490K, committed 34816K, reserved 1081344K
  class space    used 3504K, capacity 3769K, committed 3840K, reserved 1048576K
}
Event: 37.215 GC heap after
{Heap after GC invocations=22 (full 0):
 garbage-first heap   total 65536K, used 35833K [0x00000000d4200000, 0x00000000d4300200, 0x0000000100000000)
  region size 1024K, 2 young (2048K), 2 survivors (2048K)
 Metaspace       used 33389K, capacity 34490K, committed 34816K, reserved 1081344K
  class space    used 3504K, capacity 3769K, committed 3840K, reserved 1048576K
}
Event: 44.161 GC heap before
{Heap before GC invocations=23 (full 0):
 garbage-first heap   total 65536K, used 52217K [0x00000000d4200000, 0x00000000d4300200, 0x0000000100000000)
  region size 1024K, 18 young (18432K), 2 survivors (2048K)
 Metaspace       used 34078K, capacity 35250K, committed 35328K, reserved 1081344K
  class space    used 3537K, capacity 3813K, committed 3840K, reserved 1048576K
}

Deoptimization events (10 events):
Event: 37.134 Thread 0x0000000000395800 Uncommon trap: reason=class_check action=maybe_recompile pc=0x0000000016bfa808 method=org.aspectj.weaver.bcel.BcelMethod.processAttributes(Lorg/aspectj/weaver/World;Ljava/util/List;)V @ 1 c2
Event: 37.134 Thread 0x0000000000395800 Uncommon trap: reason=unstable_if action=reinterpret pc=0x0000000016d4b5d8 method=org.aspectj.weaver.bcel.BcelClassWeaver.match(Lorg/aspectj/weaver/bcel/LazyMethodGen;)Z @ 106 c2
Event: 41.463 Thread 0x0000000000395800 Uncommon trap: reason=speculate_class_check action=maybe_recompile pc=0x0000000016c2a270 method=org.aspectj.weaver.patterns.Pointcut.match(Lorg/aspectj/weaver/Shadow;)Lorg/aspectj/util/FuzzyBoolean; @ 21 c2
Event: 41.464 Thread 0x0000000000395800 Uncommon trap: reason=speculate_class_check action=maybe_recompile pc=0x0000000016c2a270 method=org.aspectj.weaver.patterns.Pointcut.match(Lorg/aspectj/weaver/Shadow;)Lorg/aspectj/util/FuzzyBoolean; @ 21 c2
Event: 41.521 Thread 0x0000000000395800 Uncommon trap: reason=bimorphic_or_optimized_type_check action=maybe_recompile pc=0x0000000016d67884 method=org.aspectj.weaver.ReferenceType.isAssignableFrom(Lorg/aspectj/weaver/ResolvedType;Z)Z @ 1 c2
Event: 41.522 Thread 0x0000000000395800 Uncommon trap: reason=bimorphic_or_optimized_type_check action=maybe_recompile pc=0x0000000016d67884 method=org.aspectj.weaver.ReferenceType.isAssignableFrom(Lorg/aspectj/weaver/ResolvedType;Z)Z @ 1 c2
Event: 41.523 Thread 0x0000000000395800 Uncommon trap: reason=unstable_if action=reinterpret pc=0x0000000016da8c24 method=org.aspectj.util.GenericSignatureParser.tokenize(Ljava/lang/String;)[Ljava/lang/String; @ 680 c2
Event: 41.523 Thread 0x0000000000395800 Uncommon trap: reason=unstable_if action=reinterpret pc=0x0000000016cc4044 method=org.aspectj.util.GenericSignatureParser.maybeEat(Ljava/lang/String;)Z @ 9 c2
Event: 41.525 Thread 0x0000000000395800 Uncommon trap: reason=bimorphic_or_optimized_type_check action=maybe_recompile pc=0x0000000016d67884 method=org.aspectj.weaver.ReferenceType.isAssignableFrom(Lorg/aspectj/weaver/ResolvedType;Z)Z @ 1 c2
Event: 41.526 Thread 0x0000000000395800 Uncommon trap: reason=bimorphic_or_optimized_type_check action=maybe_recompile pc=0x0000000016d67884 method=org.aspectj.weaver.ReferenceType.isAssignableFrom(Lorg/aspectj/weaver/ResolvedType;Z)Z @ 1 c2

Classes redefined (0 events):
No events

Internal exceptions (10 events):
Event: 44.012 Thread 0x0000000000395800 Exception <a 'java/net/SocketTimeoutException'{0x00000000d72736c0}: Read timed out> (0x00000000d72736c0) thrown at [t:/workspace/hotspot/src/share/vm/prims/jni.cpp, line 625]
Event: 44.024 Thread 0x0000000000395800 Exception <a 'java/net/SocketTimeoutException'{0x00000000d727d5f0}: Read timed out> (0x00000000d727d5f0) thrown at [t:/workspace/hotspot/src/share/vm/prims/jni.cpp, line 625]
Event: 44.050 Thread 0x0000000000395800 Exception <a 'java/net/SocketTimeoutException'{0x00000000d7289a60}: Read timed out> (0x00000000d7289a60) thrown at [t:/workspace/hotspot/src/share/vm/prims/jni.cpp, line 625]
Event: 44.063 Thread 0x0000000000395800 Exception <a 'java/net/SocketTimeoutException'{0x00000000d729e960}: Read timed out> (0x00000000d729e960) thrown at [t:/workspace/hotspot/src/share/vm/prims/jni.cpp, line 625]
Event: 44.078 Thread 0x0000000000395800 Exception <a 'java/net/SocketTimeoutException'{0x00000000d72b0fa8}: Read timed out> (0x00000000d72b0fa8) thrown at [t:/workspace/hotspot/src/share/vm/prims/jni.cpp, line 625]
Event: 44.087 Thread 0x0000000000395800 Exception <a 'java/net/SocketTimeoutException'{0x00000000d72baed8}: Read timed out> (0x00000000d72baed8) thrown at [t:/workspace/hotspot/src/share/vm/prims/jni.cpp, line 625]
Event: 44.108 Thread 0x0000000000395800 Exception <a 'java/net/SocketTimeoutException'{0x00000000d72c7348}: Read timed out> (0x00000000d72c7348) thrown at [t:/workspace/hotspot/src/share/vm/prims/jni.cpp, line 625]
Event: 44.119 Thread 0x0000000000395800 Exception <a 'java/net/SocketTimeoutException'{0x00000000d72dc248}: Read timed out> (0x00000000d72dc248) thrown at [t:/workspace/hotspot/src/share/vm/prims/jni.cpp, line 625]
Event: 44.131 Thread 0x0000000000395800 Exception <a 'java/net/SocketTimeoutException'{0x00000000d72ee018}: Read timed out> (0x00000000d72ee018) thrown at [t:/workspace/hotspot/src/share/vm/prims/jni.cpp, line 625]
Event: 44.138 Thread 0x0000000000395800 Exception <a 'java/net/SocketTimeoutException'{0x00000000d72f8198}: Read timed out> (0x00000000d72f8198) thrown at [t:/workspace/hotspot/src/share/vm/prims/jni.cpp, line 625]

Events (10 events):
Event: 43.184 loading class com/codeborne/selenide/SelenideElement done
Event: 43.184 loading class com/codeborne/selenide/SelenideElement
Event: 43.184 loading class com/codeborne/selenide/SelenideElement done
Event: 43.968 loading class com/codeborne/selenide/SelenideElement
Event: 43.968 loading class com/codeborne/selenide/SelenideElement done
Event: 43.968 loading class com/codeborne/selenide/SelenideElement
Event: 43.968 loading class com/codeborne/selenide/SelenideElement done
Event: 44.022 Thread 0x0000000000395800 DEOPT PACKING pc=0x000000000ffffaec sp=0x000000000271cbe0
Event: 44.022 Thread 0x0000000000395800 DEOPT UNPACKING pc=0x000000000f05d837 sp=0x000000000271c108 mode 0
Event: 44.161 Executing VM operation: G1IncCollectionPause


Dynamic libraries:
0x000000013f300000 - 0x000000013f33e000 	C:\Program Files\Java\jdk-9.0.1\bin\java.exe
0x0000000077c00000 - 0x0000000077dab000 	C:\Windows\SYSTEM32\ntdll.dll
0x0000000077ae0000 - 0x0000000077bff000 	C:\Windows\system32\kernel32.dll
0x000007fefdd10000 - 0x000007fefdd7b000 	C:\Windows\system32\KERNELBASE.dll
0x000007fefe5a0000 - 0x000007fefe67b000 	C:\Windows\system32\ADVAPI32.dll
0x000007fefee40000 - 0x000007fefeedf000 	C:\Windows\system32\msvcrt.dll
0x000007fefe580000 - 0x000007fefe59f000 	C:\Windows\SYSTEM32\sechost.dll
0x000007fefe0a0000 - 0x000007fefe1ce000 	C:\Windows\system32\RPCRT4.dll
0x00000000779e0000 - 0x0000000077ada000 	C:\Windows\system32\USER32.dll
0x000007fefeca0000 - 0x000007fefed07000 	C:\Windows\system32\GDI32.dll
0x000007fefff00000 - 0x000007fefff0e000 	C:\Windows\system32\LPK.dll
0x000007fefdfb0000 - 0x000007fefe07a000 	C:\Windows\system32\USP10.dll
0x000007fefc790000 - 0x000007fefc984000 	C:\Windows\WinSxS\amd64_microsoft.windows.common-controls_6595b64144ccf1df_6.0.7600.16385_none_fa645303170382f6\COMCTL32.dll
0x000007fefdf30000 - 0x000007fefdfa1000 	C:\Windows\system32\SHLWAPI.dll
0x000007fefdb20000 - 0x000007fefdb2c000 	C:\Windows\system32\VERSION.dll
0x000007fefe1d0000 - 0x000007fefe1fe000 	C:\Windows\system32\IMM32.DLL
0x000007fefe890000 - 0x000007fefe999000 	C:\Windows\system32\MSCTF.dll
0x000007fefdb30000 - 0x000007fefdb5f000 	C:\Windows\system32\nvinitx.dll
0x000000000f000000 - 0x000000000f006000 	C:\Program Files\NVIDIA Corporation\CoProcManager\detoured.dll
0x000007fefb460000 - 0x000007fefb493000 	C:\Program Files\NVIDIA Corporation\CoProcManager\nvd3d9wrapx.dll
0x000007feffd20000 - 0x000007feffef7000 	C:\Windows\system32\SETUPAPI.dll
0x000007fefdd80000 - 0x000007fefddb6000 	C:\Windows\system32\CFGMGR32.dll
0x000007fefe9a0000 - 0x000007fefea77000 	C:\Windows\system32\OLEAUT32.dll
0x000007fefe680000 - 0x000007fefe881000 	C:\Windows\system32\ole32.dll
0x000007fefdcb0000 - 0x000007fefdcca000 	C:\Windows\system32\DEVOBJ.dll
0x000007fefb430000 - 0x000007fefb453000 	C:\Program Files\NVIDIA Corporation\CoProcManager\nvdxgiwrapx.dll
0x000007fee4140000 - 0x000007fee422f000 	C:\Program Files\Java\jdk-9.0.1\bin\msvcr120.dll
0x000007fee3280000 - 0x000007fee3326000 	C:\Program Files\Java\jdk-9.0.1\bin\msvcp120.dll
0x000000006a620000 - 0x000000006b044000 	C:\Program Files\Java\jdk-9.0.1\bin\server\jvm.dll
0x000007fefb960000 - 0x000007fefb969000 	C:\Windows\system32\WSOCK32.dll
0x000007fefe200000 - 0x000007fefe24d000 	C:\Windows\system32\WS2_32.dll
0x000007feffd10000 - 0x000007feffd18000 	C:\Windows\system32\NSI.dll
0x000007fefafa0000 - 0x000007fefafdb000 	C:\Windows\system32\WINMM.dll
0x0000000077dd0000 - 0x0000000077dd7000 	C:\Windows\system32\PSAPI.DLL
0x000007fef4e90000 - 0x000007fef4e9f000 	C:\Program Files\Java\jdk-9.0.1\bin\verify.dll
0x000007fef2a30000 - 0x000007fef2a57000 	C:\Program Files\Java\jdk-9.0.1\bin\java.dll
0x000007fee5610000 - 0x000007fee563a000 	C:\Program Files\Java\jdk-9.0.1\bin\instrument.dll
0x000007fef2a10000 - 0x000007fef2a26000 	C:\Program Files\Java\jdk-9.0.1\bin\zip.dll
0x000007fef4e50000 - 0x000007fef4e5a000 	C:\Program Files\Java\jdk-9.0.1\bin\jimage.dll
0x000007fefef80000 - 0x000007feffd06000 	C:\Windows\system32\SHELL32.dll
0x000007fefdb60000 - 0x000007fefdb6f000 	C:\Windows\system32\profapi.dll
0x000007fee52b0000 - 0x000007fee52ca000 	C:\Program Files\Java\jdk-9.0.1\bin\net.dll
0x000007fef3900000 - 0x000007fef396e000 	C:\Windows\system32\WINHTTP.dll
0x000007fef3890000 - 0x000007fef38f4000 	C:\Windows\system32\webio.dll
0x000007fefd350000 - 0x000007fefd3a4000 	C:\Windows\system32\mswsock.dll
0x000007fefd340000 - 0x000007fefd347000 	C:\Windows\System32\wship6.dll
0x000007fee3c50000 - 0x000007fee3c61000 	C:\Program Files\Java\jdk-9.0.1\bin\nio.dll
0x000007fef0ee0000 - 0x000007fef0efa000 	C:\Program Files\JetBrains\IntelliJ IDEA Community Edition 2018.3.4\bin\breakgen64.dll
0x000007fefd5e0000 - 0x000007fefd5f7000 	C:\Windows\system32\CRYPTSP.dll
0x000007fefd0b0000 - 0x000007fefd0f7000 	C:\Windows\system32\rsaenh.dll
0x000007fefce70000 - 0x000007fefce8e000 	C:\Windows\system32\USERENV.dll
0x000007fefda50000 - 0x000007fefda5f000 	C:\Windows\system32\CRYPTBASE.dll
0x000007fefb660000 - 0x000007fefb687000 	C:\Windows\system32\IPHLPAPI.DLL
0x000007fefb650000 - 0x000007fefb65b000 	C:\Windows\system32\WINNSI.DLL
0x000007fefb000000 - 0x000007fefb018000 	C:\Windows\system32\dhcpcsvc.DLL
0x000007fefafe0000 - 0x000007fefaff1000 	C:\Windows\system32\dhcpcsvc6.DLL
0x000007fefb830000 - 0x000007fefb845000 	C:\Windows\system32\NLAapi.dll
0x000007fefd1d0000 - 0x000007fefd22b000 	C:\Windows\system32\DNSAPI.dll
0x000007fef2dc0000 - 0x000007fef2dcb000 	C:\Windows\System32\winrnr.dll
0x000007fef2da0000 - 0x000007fef2db5000 	C:\Windows\system32\napinsp.dll
0x000007fef2d80000 - 0x000007fef2d99000 	C:\Windows\system32\pnrpnsp.dll
0x000007fef2d70000 - 0x000007fef2d80000 	C:\Windows\system32\wshbth.dll
0x000007fefcd40000 - 0x000007fefcd47000 	C:\Windows\System32\wshtcpip.dll
0x000007fef9a10000 - 0x000007fef9a18000 	C:\Windows\system32\rasadhlp.dll
0x000007fefb030000 - 0x000007fefb083000 	C:\Windows\System32\fwpuclnt.dll
0x000007fef4ea0000 - 0x000007fef4ea9000 	C:\Program Files\Java\jdk-9.0.1\bin\management.dll
0x000007fef4cb0000 - 0x000007fef4cba000 	C:\Program Files\Java\jdk-9.0.1\bin\management_ext.dll
0x000007fef2a60000 - 0x000007fef2a6b000 	C:\Program Files\Java\jdk-9.0.1\bin\sunmscapi.dll
0x000007fefddc0000 - 0x000007fefdf26000 	C:\Windows\system32\CRYPT32.dll
0x000007fefdc00000 - 0x000007fefdc0f000 	C:\Windows\system32\MSASN1.dll
0x000007fee5640000 - 0x000007fee5663000 	C:\Program Files\Java\jdk-9.0.1\bin\sunec.dll
0x000007fefd9f0000 - 0x000007fefda47000 	C:\Windows\system32\apphelp.dll
0x000007fee24d0000 - 0x000007fee2669000 	C:\Program Files\Java\jdk-9.0.1\bin\awt.dll
0x000007fef13d0000 - 0x000007fef14c6000 	C:\Windows\system32\d2d1.dll
0x000007fefc5b0000 - 0x000007fefc606000 	C:\Windows\system32\uxtheme.dll
0x000007fefc180000 - 0x000007fefc198000 	C:\Windows\system32\dwmapi.dll
0x000007fee4c50000 - 0x000007fee4d6d000 	C:\Windows\system32\opengl32.dll
0x000007fef1350000 - 0x000007fef137d000 	C:\Windows\system32\GLU32.dll
0x000007fef2a70000 - 0x000007fef2b61000 	C:\Windows\system32\DDRAW.dll
0x000007fef5080000 - 0x000007fef5088000 	C:\Windows\system32\DCIMAN32.dll
0x000007fef39f0000 - 0x000007fef3b15000 	C:\Windows\system32\dbghelp.dll

VM Arguments:
jvm_args: -ea -Xverify:none -javaagent:C:\Users\Packard Bell\.m2\repository/org/aspectj/aspectjweaver/1.7.3/aspectjweaver-1.7.3.jar -Didea.test.cyclic.buffer.size=1048576 -javaagent:C:\Program Files\JetBrains\IntelliJ IDEA Community Edition 2018.3.4\lib\idea_rt.jar=61928:C:\Program Files\JetBrains\IntelliJ IDEA Community Edition 2018.3.4\bin -Dfile.encoding=UTF-8 
java_command: org.testng.RemoteTestNGStarter -usedefaultlisteners false -socket61927 @w@C:\Users\PACKAR~1\AppData\Local\Temp\idea_working_dirs_testng1.tmp -temp C:\Users\PACKAR~1\AppData\Local\Temp\idea_testng1.tmp
java_class_path (initial): C:\Program Files\JetBrains\IntelliJ IDEA Community Edition 2018.3.4\lib\idea_rt.jar;C:\Program Files\JetBrains\IntelliJ IDEA Community Edition 2018.3.4\plugins\testng\lib\testng-plugin.jar;C:\Users\Packard Bell\Desktop\Epam\hw\ElizavetaSmirnova\target\test-classes;C:\Users\Packard Bell\Desktop\Epam\hw\ElizavetaSmirnova\target\classes;C:\Users\Packard Bell\.m2\repository\info\cukes\cucumber-testng\1.2.5\cucumber-testng-1.2.5.jar;C:\Users\Packard Bell\.m2\repository\info\cukes\cucumber-core\1.2.5\cucumber-core-1.2.5.jar;C:\Users\Packard Bell\.m2\repository\info\cukes\cucumber-html\0.2.3\cucumber-html-0.2.3.jar;C:\Users\Packard Bell\.m2\repository\info\cukes\cucumber-jvm-deps\1.0.5\cucumber-jvm-deps-1.0.5.jar;C:\Users\Packard Bell\.m2\repository\info\cukes\gherkin\2.12.2\gherkin-2.12.2.jar;C:\Users\Packard Bell\.m2\repository\info\cukes\cucumber-java\1.2.5\cucumber-java-1.2.5.jar;C:\Users\Packard Bell\.m2\repository\com\codeborne\selenide\4.8\selenide-4.8.jar;C:\Users\Packard Bell\.m2\repository\io\github\bonigarcia\webdrivermanager\1.7.2\webdrivermanager-1.7.2.jar;C:\Users\Packard Bell\.m2\repository\org\slf4j\slf4j-api\1.7.24\slf4j-api-1.7.24.jar;C:\Users\Packard Bell\.m2\repository\commons-io\commons-io\2.5\commons-io-2.5.jar;C:\Users\Packard Bell\.m2\repository\com\typesafe\config\1.2.1\config-1.2.1.jar;C:\Users\Packard Bell\.m2\repository\org\apache\commons\commons-lang3\3.5\commons-lang3-3.5.jar;C:\Users\Packard Bell\.m2\repository\org\rauschig\jarchivelib\0.7.1\jarchivelib-0.7.1.jar;C:\Users\Packard Bell\.m2\repository\org\apache\commons\commons-compress\1.9\commons-compress-1.9.jar;C:\Users\Packard Bell\.m2\repository\org\jsoup\jsoup\1.10.2\jsoup-1.10.2.jar;C:\Users\Packard Bell\.m2\repository\org\apache\httpcomponents\httpcore\4.4.7\httpcore-4.4.7.jar;C:\Users\Packard Bell\.m2\repository\com\google\code\gson\gson\2.8.2\gson-2.8.2.jar;C:\Users\Packard Bell\.m2\repository\com\google\guava\guava\23.0\guava-23.0.jar;C:\Users\Packard Be
Launcher Type: SUN_STANDARD

Logging:
Log output configuration:
#0: stdout all=warning uptime,level,tags
#1: stderr all=off uptime,level,tags

Environment Variables:
JAVA_HOME=C:\Program Files\Java\jdk1.8.0_144
PATH=C:\ProgramData\Oracle\Java\javapath;C:\Windows\system32;C:\Windows;C:\Windows\System32\Wbem;C:\Windows\System32\WindowsPowerShell\v1.0\;C:\;C:\Users\Packard Bell\Downloads\apache-maven-3.5.2\bin;C:\Program Files (x86)\NVIDIA Corporation\PhysX\Common;C:\Program Files (x86)\MySQL\MySQL Utilities 1.6\;C:\Program Files\Git\cmd;%M2_HOME%\bin;C:\Program Files\Java\jdk1.8.0_144/bin;C:\Program Files\JetBrains\IntelliJ IDEA Community Edition 2018.3.4\bin;
USERNAME=Packard Bell
OS=Windows_NT
PROCESSOR_IDENTIFIER=Intel64 Family 6 Model 37 Stepping 5, GenuineIntel



---------------  S Y S T E M  ---------------

OS: Windows 7 , 64 bit Build 7600 (6.1.7600.16385)

CPU:total 4 (initial active 4) (2 cores per cpu, 2 threads per core) family 6 model 37 stepping 5, cmov, cx8, fxsr, mmx, sse, sse2, sse3, ssse3, sse4.1, sse4.2, popcnt, ht, tsc, tscinvbit

Memory: 4k page, physical 2874020k(245636k free), swap 6980408k(1568356k free)

vm_info: Java HotSpot(TM) 64-Bit Server VM (9.0.1+11) for windows-amd64 JRE (9.0.1+11), built on Sep 28 2017 04:54:03 by "mach5one" with MS VC++ 12.0 (VS2013)

END.
